 CLEAR STORAGE 1     ,008015,022026,030037,044,049,053053N000000N00001026                                         1
 CLEAR STORAGE 2     L068116,105106,110117B101/I9I#071029C029056B026/B001/0991,001/001117I0?                      2
 BOOTSTRAP           ,008015,022029,036040,047054,061068,072/061039              ,0010011040                      3
0                          EDIT PROGRAM                                                                   PAGE    1
0 SEQ PG LIN  LABEL  OP    OPERANDS                                            SFX CT  LOCN  INSTRUCTION TYPE  CARD

  101                JOB   EDIT PROGRAM
  102                INCLD PREAMBLE.S                                                                    MACRO
  103         ***************************************************************************
  104         *     SSSSS = CARD SEQUENCE NUMBER          ********** = LABEL
  105         *     OPER- = OPERATION                     OPERANDS--- = OPERATION
  106 SS SSS  **********OPER-OPERANDS----------------------------------------------------
  107                CTL   6611  *6=16,000C;6=16,000T;1=OBJDECK;,1=MODADD                                GEN
  108         *
  109         RDBUFF EQU   1                   *READ BUFFER   (1-80)                   0001              GEN
  110         PUBUFF EQU   101                 *PUNCH BUFFER  (101-181)                0101              GEN
  111         PRBUFF EQU   201                 *PRINT BUFFER  (201-332)                0201              GEN
  112         *
  113                ORG   87                                                                 0087       GEN
  114         X1     DCW   000                 *INDEX REGISTER 1                    3  0089              GEN      4
  115                DC    00                                                       2  0091              GEN      4
  116         X2     DCW   000                 *INDEX REGISTER 2                    3  0094              GEN      4
  117                DC    00                                                       2  0096              GEN      4
  118         X3     DCW   0000                *INDEX REGISTER 3                    4  0100              GEN      4
  119         *
  120                ORG   350                                                                0350
  121         *
  122                DCW   @THIS IS THE PRINT EDIT PROGRAM 5/28/2009@              40  0389                       6
  123         MASK   DCW   @      $0.  @           *EDIT MASK                      11  0400                       6
  124         FIELD  DCW   @00001234@           *FIELD TO BE EDITED                 8  0408                       6
  125         *
  126         START  H                                                              1  0409  .                    6
  127         LOOP   CS    PRBUFF&131         *CLEAR 200 TO 332 (& == +)            4  0410  / 332                6
  128                CS                                                             1  0414  /                    7
  129                LCA   MASK,PRBUFF&12      *LOAD CONTROL WORD TO PRINT AREA     7  0415  L 400 213            7
  130                MCE   FIELD,PRBUFF&12     *EDIT                                7  0422  E 408 213            7
  131                B     LOOP                                                     4  0429  B 410                7
  132                NOP                                                            1  0433  N                    7
  133                END   START                                                             / 409 080
1                          EDIT PROGRAM                                                                   PAGE    2
0SYMBOL  ADDRESS  SYMBOL  ADDRESS  SYMBOL  ADDRESS  SYMBOL  ADDRESS  SYMBOL  ADDRESS  SYMBOL  ADDRESS  SYMBOL  ADDRESS  

 FIELD     408    LOOP      410    MASK      400    PRBUFF    201    PUBUFF    101    RDBUFF      1    START     409   
 X1         89    X2         94    X3        100   
